{
  service: 'realtech-api',
  name: 'PrismaClientInitializationError',
  clientVersion: '5.22.0',
  errorCode: 'P1012',
  level: 'error',
  message: '❌ Database connection failed: \x1B[1;91merror\x1B[0m: \x1B[1mEnvironment variable not found: DATABASE_URL.\x1B[0m\n' +
    '  \x1B[1;94m-->\x1B[0m  \x1B[4mschema.prisma:7\x1B[0m\n' +
    '\x1B[1;94m   | \x1B[0m\n' +
    '\x1B[1;94m 6 | \x1B[0m  provider = "postgresql"\n' +
    '\x1B[1;94m 7 | \x1B[0m  url      = \x1B[1;91menv("DATABASE_URL")\x1B[0m\n' +
    '\x1B[1;94m   | \x1B[0m\n' +
    '\n' +
    'Validation Error Count: 1',
  stack: 'PrismaClientInitializationError: \x1B[1;91merror\x1B[0m: \x1B[1mEnvironment variable not found: DATABASE_URL.\x1B[0m\n' +
    '  \x1B[1;94m-->\x1B[0m  \x1B[4mschema.prisma:7\x1B[0m\n' +
    '\x1B[1;94m   | \x1B[0m\n' +
    '\x1B[1;94m 6 | \x1B[0m  provider = "postgresql"\n' +
    '\x1B[1;94m 7 | \x1B[0m  url      = \x1B[1;91menv("DATABASE_URL")\x1B[0m\n' +
    '\x1B[1;94m   | \x1B[0m\n' +
    '\n' +
    'Validation Error Count: 1\n' +
    '    at t (/home/dianka/Documents/SaaS/Gestion_stock/realtech-backend/node_modules/@prisma/client/runtime/library.js:112:2488)\n' +
    '    at async connectDatabase (file:///home/dianka/Documents/SaaS/Gestion_stock/realtech-backend/src/config/database.js:19:5)\n' +
    '    at async startServer (file:///home/dianka/Documents/SaaS/Gestion_stock/realtech-backend/src/app.js:77:5)',
  timestamp: '2025-10-01 11:32:01'
}
{
  service: 'realtech-api',
  error: 'Token invalide',
  stack: 'Error: Token invalide\n' +
    '    at authenticate (file:///home/dianka/Documents/SaaS/Gestion_stock/realtech-backend/src/middlewares/auth.js:19:19)\n' +
    '    at Layer.handle [as handle_request] (/home/dianka/Documents/SaaS/Gestion_stock/realtech-backend/node_modules/express/lib/router/layer.js:95:5)\n' +
    '    at trim_prefix (/home/dianka/Documents/SaaS/Gestion_stock/realtech-backend/node_modules/express/lib/router/index.js:328:13)\n' +
    '    at /home/dianka/Documents/SaaS/Gestion_stock/realtech-backend/node_modules/express/lib/router/index.js:286:9\n' +
    '    at Function.process_params (/home/dianka/Documents/SaaS/Gestion_stock/realtech-backend/node_modules/express/lib/router/index.js:346:12)\n' +
    '    at next (/home/dianka/Documents/SaaS/Gestion_stock/realtech-backend/node_modules/express/lib/router/index.js:280:10)\n' +
    '    at Function.handle (/home/dianka/Documents/SaaS/Gestion_stock/realtech-backend/node_modules/express/lib/router/index.js:175:3)\n' +
    '    at router (/home/dianka/Documents/SaaS/Gestion_stock/realtech-backend/node_modules/express/lib/router/index.js:47:12)\n' +
    '    at Layer.handle [as handle_request] (/home/dianka/Documents/SaaS/Gestion_stock/realtech-backend/node_modules/express/lib/router/layer.js:95:5)\n' +
    '    at trim_prefix (/home/dianka/Documents/SaaS/Gestion_stock/realtech-backend/node_modules/express/lib/router/index.js:328:13)',
  url: '/api/dashboard/stats',
  method: 'GET',
  ip: '::ffff:127.0.0.1',
  level: 'error',
  message: 'Error caught by global handler:',
  timestamp: '2025-10-01 11:32:55'
}
{
  service: 'realtech-api',
  error: 'Route /api/taches non trouvée',
  stack: 'Error: Route /api/taches non trouvée\n' +
    '    at notFound (file:///home/dianka/Documents/SaaS/Gestion_stock/realtech-backend/src/middlewares/errorHandler.js:94:17)\n' +
    '    at Layer.handle [as handle_request] (/home/dianka/Documents/SaaS/Gestion_stock/realtech-backend/node_modules/express/lib/router/layer.js:95:5)\n' +
    '    at trim_prefix (/home/dianka/Documents/SaaS/Gestion_stock/realtech-backend/node_modules/express/lib/router/index.js:328:13)\n' +
    '    at /home/dianka/Documents/SaaS/Gestion_stock/realtech-backend/node_modules/express/lib/router/index.js:286:9\n' +
    '    at Function.process_params (/home/dianka/Documents/SaaS/Gestion_stock/realtech-backend/node_modules/express/lib/router/index.js:346:12)\n' +
    '    at next (/home/dianka/Documents/SaaS/Gestion_stock/realtech-backend/node_modules/express/lib/router/index.js:280:10)\n' +
    '    at /home/dianka/Documents/SaaS/Gestion_stock/realtech-backend/node_modules/express/lib/router/index.js:646:15\n' +
    '    at next (/home/dianka/Documents/SaaS/Gestion_stock/realtech-backend/node_modules/express/lib/router/index.js:265:14)\n' +
    '    at authenticate (file:///home/dianka/Documents/SaaS/Gestion_stock/realtech-backend/src/middlewares/auth.js:39:12)\n' +
    '    at process.processTicksAndRejections (node:internal/process/task_queues:95:5)',
  url: '/api/taches',
  method: 'GET',
  ip: '::ffff:127.0.0.1',
  level: 'error',
  message: 'Error caught by global handler:',
  timestamp: '2025-10-01 11:37:13'
}
{
  service: 'realtech-api',
  error: 'Route /api/taches non trouvée',
  stack: 'Error: Route /api/taches non trouvée\n' +
    '    at notFound (file:///home/dianka/Documents/SaaS/Gestion_stock/realtech-backend/src/middlewares/errorHandler.js:94:17)\n' +
    '    at Layer.handle [as handle_request] (/home/dianka/Documents/SaaS/Gestion_stock/realtech-backend/node_modules/express/lib/router/layer.js:95:5)\n' +
    '    at trim_prefix (/home/dianka/Documents/SaaS/Gestion_stock/realtech-backend/node_modules/express/lib/router/index.js:328:13)\n' +
    '    at /home/dianka/Documents/SaaS/Gestion_stock/realtech-backend/node_modules/express/lib/router/index.js:286:9\n' +
    '    at Function.process_params (/home/dianka/Documents/SaaS/Gestion_stock/realtech-backend/node_modules/express/lib/router/index.js:346:12)\n' +
    '    at next (/home/dianka/Documents/SaaS/Gestion_stock/realtech-backend/node_modules/express/lib/router/index.js:280:10)\n' +
    '    at /home/dianka/Documents/SaaS/Gestion_stock/realtech-backend/node_modules/express/lib/router/index.js:646:15\n' +
    '    at next (/home/dianka/Documents/SaaS/Gestion_stock/realtech-backend/node_modules/express/lib/router/index.js:265:14)\n' +
    '    at authenticate (file:///home/dianka/Documents/SaaS/Gestion_stock/realtech-backend/src/middlewares/auth.js:39:12)\n' +
    '    at process.processTicksAndRejections (node:internal/process/task_queues:95:5)',
  url: '/api/taches',
  method: 'GET',
  ip: '::ffff:127.0.0.1',
  level: 'error',
  message: 'Error caught by global handler:',
  timestamp: '2025-10-01 11:37:18'
}
{
  service: 'realtech-api',
  code: 'EADDRINUSE',
  errno: -98,
  syscall: 'listen',
  address: '::',
  port: 3000,
  level: 'error',
  message: 'Uncaught Exception: listen EADDRINUSE: address already in use :::3000',
  stack: 'Error: listen EADDRINUSE: address already in use :::3000\n' +
    '    at Server.setupListenHandle [as _listen2] (node:net:1908:16)\n' +
    '    at listenInCluster (node:net:1965:12)\n' +
    '    at Server.listen (node:net:2067:7)\n' +
    '    at Function.listen (/home/dianka/Documents/SaaS/node_modules/express/lib/application.js:635:24)\n' +
    '    at startServer (file:///home/dianka/Documents/SaaS/Gestion_stock/realtech-backend/src/app.js:86:9)',
  timestamp: '2025-10-04 23:28:19'
}
